Using pre-set license
Built from '2021.1/china_unity/release' branch; Version is '2021.1.0f1c1 (cd437fc7d72d) revision 13452159'; Using compiler version '192528614'; Build Type 'Release'
OS: 'Windows 10 Home China; OS build 19042.1348; Version 2009; 64bit' Language: 'zh' Physical Memory: 14198 MB
BatchMode: 1, IsHumanControllingUs: 0, StartBugReporterOnCrash: 0, Is64bit: 1, IsPro: 0

 COMMAND LINE ARGUMENTS:
C:\Program Files\Unity 2021.1.0f1c1\Editor\Unity.exe
-adb2
-batchMode
-noUpm
-name
AssetImportWorker0
-projectPath
C:/Users/15826/Desktop/Games103/repo/HW1
-logFile
Logs/AssetImportWorker0.log
-srvPort
55908
Successfully changed project path to: C:/Users/15826/Desktop/Games103/repo/HW1
C:/Users/15826/Desktop/Games103/repo/HW1
Using Asset Import Pipeline V2.
Refreshing native plugins compatible for Editor in 130.52 ms, found 1 plugins.
Preloading 0 native plugins for Editor in 0.00 ms.
Initialize engine version: 2021.1.0f1c1 (cd437fc7d72d)
[Subsystems] Discovering subsystems at path C:/Program Files/Unity 2021.1.0f1c1/Editor/Data/Resources/UnitySubsystems
[Subsystems] Discovering subsystems at path C:/Users/15826/Desktop/Games103/repo/HW1/Assets
GfxDevice: creating device client; threaded=0; jobified=0
Direct3D:
    Version:  Direct3D 11.0 [level 11.1]
    Renderer: AMD Radeon(TM) Graphics (ID=0x1638)
    Vendor:   ATI
    VRAM:     7099 MB
    Driver:   27.20.14028.14001
Initialize mono
Mono path[0] = 'C:/Program Files/Unity 2021.1.0f1c1/Editor/Data/Managed'
Mono path[1] = 'C:/Program Files/Unity 2021.1.0f1c1/Editor/Data/MonoBleedingEdge/lib/mono/unityjit'
Mono config path = 'C:/Program Files/Unity 2021.1.0f1c1/Editor/Data/MonoBleedingEdge/etc'
Using monoOptions --debugger-agent=transport=dt_socket,embedding=1,server=y,suspend=n,address=127.0.0.1:56492
Begin MonoManager ReloadAssembly
Registering precompiled unity dll's ...
Register platform support module: C:/Program Files/Unity 2021.1.0f1c1/Editor/Data/PlaybackEngines/WindowsStandaloneSupport/UnityEditor.WindowsStandalone.Extensions.dll
Registered in 0.007901 seconds.
Native extension for WindowsStandalone target not found
Refreshing native plugins compatible for Editor in 128.84 ms, found 1 plugins.
Preloading 0 native plugins for Editor in 0.00 ms.
Mono: successfully reloaded assembly
- Completed reload, in  2.151 seconds
Platform modules already initialized, skipping
Registering precompiled user dll's ...
Registered in 0.009667 seconds.
Begin MonoManager ReloadAssembly
Native extension for WindowsStandalone target not found
Refreshing native plugins compatible for Editor in 0.81 ms, found 1 plugins.
Preloading 0 native plugins for Editor in 0.00 ms.
Mono: successfully reloaded assembly
- Completed reload, in  1.722 seconds
Platform modules already initialized, skipping
========================================================================
Worker process is ready to serve import requests
Launched and connected shader compiler UnityShaderCompiler.exe after 0.12 seconds
Refreshing native plugins compatible for Editor in 0.94 ms, found 1 plugins.
Preloading 0 native plugins for Editor in 0.00 ms.
Unloading 2666 Unused Serialized files (Serialized files now loaded: 0)
System memory in use before: 98.6 MB.
System memory in use after: 98.7 MB.

Unloading 14 unused Assets to reduce memory usage. Loaded Objects now: 3120.
Total: 3.394300 ms (FindLiveObjects: 0.465300 ms CreateObjectMapping: 0.167000 ms MarkObjects: 2.644500 ms  DeleteObjects: 0.112900 ms)

========================================================================
Received Import Request.
  path: Assets/Rigid_Bunny.cs
  artifactKey: Guid(bfc2715a9b5854dd6abcd97c5de4f837) Importer(815301076,1909f56bfc062723c751e8b465ee728b)
Start importing Assets/Rigid_Bunny.cs using Guid(bfc2715a9b5854dd6abcd97c5de4f837) Importer(815301076,1909f56bfc062723c751e8b465ee728b)  -> (artifact id: 'ca49dd56172b588eacc42260b59780fe') in 0.056664 seconds 
========================================================================
Received Import Request.
  Time since last request: 0.007715 seconds.
  path: Assets/bunny.unity
  artifactKey: Guid(44884aec9e1894158a031a457438ed1e) Importer(815301076,1909f56bfc062723c751e8b465ee728b)
Start importing Assets/bunny.unity using Guid(44884aec9e1894158a031a457438ed1e) Importer(815301076,1909f56bfc062723c751e8b465ee728b)  -> (artifact id: 'eb7320452618db386b405273853b2e32') in 0.014651 seconds 
AssetImportWorkerClient::OnTransportError - code=2 error=End of file
