Using pre-set license
Built from '2021.1/china_unity/release' branch; Version is '2021.1.0f1c1 (cd437fc7d72d) revision 13452159'; Using compiler version '192528614'; Build Type 'Release'
OS: 'Windows 10 Home China; OS build 19042.1348; Version 2009; 64bit' Language: 'zh' Physical Memory: 14198 MB
BatchMode: 1, IsHumanControllingUs: 0, StartBugReporterOnCrash: 0, Is64bit: 1, IsPro: 0

 COMMAND LINE ARGUMENTS:
C:\Program Files\Unity 2021.1.0f1c1\Editor\Unity.exe
-adb2
-batchMode
-noUpm
-name
AssetImportWorker0
-projectPath
C:/Users/15826/Desktop/Games103/repo/HW2
-logFile
Logs/AssetImportWorker0.log
-srvPort
51664
Successfully changed project path to: C:/Users/15826/Desktop/Games103/repo/HW2
C:/Users/15826/Desktop/Games103/repo/HW2
Using Asset Import Pipeline V2.
Refreshing native plugins compatible for Editor in 68.23 ms, found 1 plugins.
Preloading 0 native plugins for Editor in 0.00 ms.
Initialize engine version: 2021.1.0f1c1 (cd437fc7d72d)
[Subsystems] Discovering subsystems at path C:/Program Files/Unity 2021.1.0f1c1/Editor/Data/Resources/UnitySubsystems
[Subsystems] Discovering subsystems at path C:/Users/15826/Desktop/Games103/repo/HW2/Assets
GfxDevice: creating device client; threaded=0; jobified=0
Direct3D:
    Version:  Direct3D 11.0 [level 11.1]
    Renderer: AMD Radeon(TM) Graphics (ID=0x1638)
    Vendor:   ATI
    VRAM:     7099 MB
    Driver:   27.20.14028.14001
Initialize mono
Mono path[0] = 'C:/Program Files/Unity 2021.1.0f1c1/Editor/Data/Managed'
Mono path[1] = 'C:/Program Files/Unity 2021.1.0f1c1/Editor/Data/MonoBleedingEdge/lib/mono/unityjit'
Mono config path = 'C:/Program Files/Unity 2021.1.0f1c1/Editor/Data/MonoBleedingEdge/etc'
Using monoOptions --debugger-agent=transport=dt_socket,embedding=1,server=y,suspend=n,address=127.0.0.1:56700
Begin MonoManager ReloadAssembly
Registering precompiled unity dll's ...
Register platform support module: C:/Program Files/Unity 2021.1.0f1c1/Editor/Data/PlaybackEngines/WindowsStandaloneSupport/UnityEditor.WindowsStandalone.Extensions.dll
Registered in 0.003642 seconds.
Native extension for WindowsStandalone target not found
Refreshing native plugins compatible for Editor in 58.17 ms, found 1 plugins.
Preloading 0 native plugins for Editor in 0.00 ms.
Mono: successfully reloaded assembly
- Completed reload, in  1.047 seconds
Platform modules already initialized, skipping
Registering precompiled user dll's ...
Registered in 0.004397 seconds.
Begin MonoManager ReloadAssembly
Native extension for WindowsStandalone target not found
Refreshing native plugins compatible for Editor in 1.70 ms, found 1 plugins.
Preloading 0 native plugins for Editor in 0.00 ms.
Mono: successfully reloaded assembly
- Completed reload, in  0.896 seconds
Platform modules already initialized, skipping
========================================================================
Worker process is ready to serve import requests
Launched and connected shader compiler UnityShaderCompiler.exe after 0.06 seconds
Refreshing native plugins compatible for Editor in 0.53 ms, found 1 plugins.
Preloading 0 native plugins for Editor in 0.00 ms.
Unloading 2668 Unused Serialized files (Serialized files now loaded: 0)
System memory in use before: 100.4 MB.
System memory in use after: 100.6 MB.

Unloading 14 unused Assets to reduce memory usage. Loaded Objects now: 3124.
Total: 2.330100 ms (FindLiveObjects: 0.378100 ms CreateObjectMapping: 0.161200 ms MarkObjects: 1.729400 ms  DeleteObjects: 0.060500 ms)

========================================================================
Received Import Request.
  path: Assets/PBD_model.cs
  artifactKey: Guid(3019e017b60b74b97b4df868a0e692f6) Importer(815301076,1909f56bfc062723c751e8b465ee728b)
Start importing Assets/PBD_model.cs using Guid(3019e017b60b74b97b4df868a0e692f6) Importer(815301076,1909f56bfc062723c751e8b465ee728b)  -> (artifact id: 'dc379bd4f77e3f8fd92eec5b20e2e0f5') in 0.034100 seconds 
========================================================================
Received Prepare
Refreshing native plugins compatible for Editor in 3.46 ms, found 1 plugins.
Preloading 0 native plugins for Editor in 0.00 ms.
Unloading 7 Unused Serialized files (Serialized files now loaded: 0)
System memory in use before: 47.4 MB.
System memory in use after: 47.7 MB.

Unloading 7 unused Assets to reduce memory usage. Loaded Objects now: 3124.
Total: 4.610400 ms (FindLiveObjects: 0.874800 ms CreateObjectMapping: 0.099800 ms MarkObjects: 3.589300 ms  DeleteObjects: 0.044100 ms)

========================================================================
Received Prepare
Registering precompiled user dll's ...
Registered in 0.004706 seconds.
Begin MonoManager ReloadAssembly
Native extension for WindowsStandalone target not found
Refreshing native plugins compatible for Editor in 0.65 ms, found 1 plugins.
Preloading 0 native plugins for Editor in 0.00 ms.
Mono: successfully reloaded assembly
- Completed reload, in  0.767 seconds
Platform modules already initialized, skipping
Refreshing native plugins compatible for Editor in 0.55 ms, found 1 plugins.
Preloading 0 native plugins for Editor in 0.00 ms.
Unloading 2661 Unused Serialized files (Serialized files now loaded: 0)
System memory in use before: 100.2 MB.
System memory in use after: 100.5 MB.

Unloading 9 unused Assets to reduce memory usage. Loaded Objects now: 3127.
Total: 2.051400 ms (FindLiveObjects: 0.300700 ms CreateObjectMapping: 0.083900 ms MarkObjects: 1.646300 ms  DeleteObjects: 0.019400 ms)

========================================================================
Received Prepare
Registering precompiled user dll's ...
Registered in 0.003812 seconds.
Begin MonoManager ReloadAssembly
Native extension for WindowsStandalone target not found
Refreshing native plugins compatible for Editor in 0.54 ms, found 1 plugins.
Preloading 0 native plugins for Editor in 0.00 ms.
Mono: successfully reloaded assembly
- Completed reload, in  0.755 seconds
Platform modules already initialized, skipping
Refreshing native plugins compatible for Editor in 0.52 ms, found 1 plugins.
Preloading 0 native plugins for Editor in 0.00 ms.
Unloading 2661 Unused Serialized files (Serialized files now loaded: 0)
System memory in use before: 100.3 MB.
System memory in use after: 100.5 MB.

Unloading 9 unused Assets to reduce memory usage. Loaded Objects now: 3130.
Total: 1.900400 ms (FindLiveObjects: 0.284700 ms CreateObjectMapping: 0.070700 ms MarkObjects: 1.529800 ms  DeleteObjects: 0.014400 ms)

========================================================================
Received Prepare
Registering precompiled user dll's ...
Registered in 0.003669 seconds.
Begin MonoManager ReloadAssembly
Native extension for WindowsStandalone target not found
Refreshing native plugins compatible for Editor in 0.53 ms, found 1 plugins.
Preloading 0 native plugins for Editor in 0.00 ms.
Mono: successfully reloaded assembly
- Completed reload, in  0.713 seconds
Platform modules already initialized, skipping
Refreshing native plugins compatible for Editor in 0.56 ms, found 1 plugins.
Preloading 0 native plugins for Editor in 0.00 ms.
Unloading 2661 Unused Serialized files (Serialized files now loaded: 0)
System memory in use before: 100.3 MB.
System memory in use after: 100.5 MB.

Unloading 9 unused Assets to reduce memory usage. Loaded Objects now: 3133.
Total: 2.216200 ms (FindLiveObjects: 0.354400 ms CreateObjectMapping: 0.084700 ms MarkObjects: 1.749900 ms  DeleteObjects: 0.025400 ms)

========================================================================
Received Prepare
Registering precompiled user dll's ...
Registered in 0.006484 seconds.
Begin MonoManager ReloadAssembly
Native extension for WindowsStandalone target not found
Refreshing native plugins compatible for Editor in 0.54 ms, found 1 plugins.
Preloading 0 native plugins for Editor in 0.00 ms.
Mono: successfully reloaded assembly
- Completed reload, in  0.749 seconds
Platform modules already initialized, skipping
Refreshing native plugins compatible for Editor in 0.52 ms, found 1 plugins.
Preloading 0 native plugins for Editor in 0.00 ms.
Unloading 2661 Unused Serialized files (Serialized files now loaded: 0)
System memory in use before: 100.3 MB.
System memory in use after: 100.6 MB.

Unloading 9 unused Assets to reduce memory usage. Loaded Objects now: 3136.
Total: 2.664700 ms (FindLiveObjects: 0.590100 ms CreateObjectMapping: 0.115400 ms MarkObjects: 1.939200 ms  DeleteObjects: 0.016900 ms)

========================================================================
Received Prepare
Registering precompiled user dll's ...
Registered in 0.003937 seconds.
Begin MonoManager ReloadAssembly
Native extension for WindowsStandalone target not found
Refreshing native plugins compatible for Editor in 1.32 ms, found 1 plugins.
Preloading 0 native plugins for Editor in 0.00 ms.
Mono: successfully reloaded assembly
- Completed reload, in  0.767 seconds
Platform modules already initialized, skipping
Refreshing native plugins compatible for Editor in 0.53 ms, found 1 plugins.
Preloading 0 native plugins for Editor in 0.00 ms.
Unloading 2661 Unused Serialized files (Serialized files now loaded: 0)
System memory in use before: 100.3 MB.
System memory in use after: 100.6 MB.

Unloading 9 unused Assets to reduce memory usage. Loaded Objects now: 3139.
Total: 2.996500 ms (FindLiveObjects: 0.551600 ms CreateObjectMapping: 0.089700 ms MarkObjects: 2.338200 ms  DeleteObjects: 0.015900 ms)

========================================================================
Received Prepare
Registering precompiled user dll's ...
Registered in 0.003951 seconds.
Begin MonoManager ReloadAssembly
Native extension for WindowsStandalone target not found
Refreshing native plugins compatible for Editor in 0.62 ms, found 1 plugins.
Preloading 0 native plugins for Editor in 0.00 ms.
Mono: successfully reloaded assembly
- Completed reload, in  0.778 seconds
Platform modules already initialized, skipping
Refreshing native plugins compatible for Editor in 0.54 ms, found 1 plugins.
Preloading 0 native plugins for Editor in 0.00 ms.
Unloading 2661 Unused Serialized files (Serialized files now loaded: 0)
System memory in use before: 100.3 MB.
System memory in use after: 100.6 MB.

Unloading 9 unused Assets to reduce memory usage. Loaded Objects now: 3142.
Total: 2.119100 ms (FindLiveObjects: 0.326400 ms CreateObjectMapping: 0.077600 ms MarkObjects: 1.699900 ms  DeleteObjects: 0.014200 ms)

========================================================================
Received Prepare
Registering precompiled user dll's ...
Registered in 0.005819 seconds.
Begin MonoManager ReloadAssembly
Native extension for WindowsStandalone target not found
Refreshing native plugins compatible for Editor in 0.54 ms, found 1 plugins.
Preloading 0 native plugins for Editor in 0.00 ms.
Mono: successfully reloaded assembly
- Completed reload, in  0.779 seconds
Platform modules already initialized, skipping
Refreshing native plugins compatible for Editor in 0.52 ms, found 1 plugins.
Preloading 0 native plugins for Editor in 0.00 ms.
Unloading 2661 Unused Serialized files (Serialized files now loaded: 0)
System memory in use before: 100.4 MB.
System memory in use after: 100.6 MB.

Unloading 9 unused Assets to reduce memory usage. Loaded Objects now: 3145.
Total: 2.365500 ms (FindLiveObjects: 0.357000 ms CreateObjectMapping: 0.123600 ms MarkObjects: 1.868400 ms  DeleteObjects: 0.015600 ms)

========================================================================
Received Import Request.
  Time since last request: 698.520809 seconds.
  path: Assets/implicit_model.cs
  artifactKey: Guid(d599baa99a3b54ce4a1fbf1d45da3284) Importer(815301076,1909f56bfc062723c751e8b465ee728b)
Start importing Assets/implicit_model.cs using Guid(d599baa99a3b54ce4a1fbf1d45da3284) Importer(815301076,1909f56bfc062723c751e8b465ee728b)  -> (artifact id: '2fb03e7e72f910a75a4e82c7686a0941') in 0.006325 seconds 
========================================================================
Received Prepare
Registering precompiled user dll's ...
Registered in 0.003957 seconds.
Begin MonoManager ReloadAssembly
Native extension for WindowsStandalone target not found
Refreshing native plugins compatible for Editor in 0.54 ms, found 1 plugins.
Preloading 0 native plugins for Editor in 0.00 ms.
Mono: successfully reloaded assembly
- Completed reload, in  0.732 seconds
Platform modules already initialized, skipping
Refreshing native plugins compatible for Editor in 0.54 ms, found 1 plugins.
Preloading 0 native plugins for Editor in 0.00 ms.
Unloading 2661 Unused Serialized files (Serialized files now loaded: 0)
System memory in use before: 100.4 MB.
System memory in use after: 100.6 MB.

Unloading 9 unused Assets to reduce memory usage. Loaded Objects now: 3148.
Total: 2.147300 ms (FindLiveObjects: 0.480100 ms CreateObjectMapping: 0.088900 ms MarkObjects: 1.561400 ms  DeleteObjects: 0.016200 ms)

========================================================================
Received Import Request.
  Time since last request: 160.022250 seconds.
  path: Assets/implicit_model.cs
  artifactKey: Guid(d599baa99a3b54ce4a1fbf1d45da3284) Importer(815301076,1909f56bfc062723c751e8b465ee728b)
Start importing Assets/implicit_model.cs using Guid(d599baa99a3b54ce4a1fbf1d45da3284) Importer(815301076,1909f56bfc062723c751e8b465ee728b)  -> (artifact id: '4cf481be25bb0410677721ff289a5bca') in 0.005623 seconds 
========================================================================
Received Prepare
Registering precompiled user dll's ...
Registered in 0.003788 seconds.
Begin MonoManager ReloadAssembly
Native extension for WindowsStandalone target not found
Refreshing native plugins compatible for Editor in 0.54 ms, found 1 plugins.
Preloading 0 native plugins for Editor in 0.00 ms.
Mono: successfully reloaded assembly
- Completed reload, in  0.760 seconds
Platform modules already initialized, skipping
Refreshing native plugins compatible for Editor in 0.50 ms, found 1 plugins.
Preloading 0 native plugins for Editor in 0.00 ms.
Unloading 2661 Unused Serialized files (Serialized files now loaded: 0)
System memory in use before: 100.4 MB.
System memory in use after: 100.6 MB.

Unloading 9 unused Assets to reduce memory usage. Loaded Objects now: 3151.
Total: 2.298700 ms (FindLiveObjects: 0.332400 ms CreateObjectMapping: 0.118600 ms MarkObjects: 1.830300 ms  DeleteObjects: 0.016400 ms)

========================================================================
Received Import Request.
  Time since last request: 185.829161 seconds.
  path: Assets/implicit_model.cs
  artifactKey: Guid(d599baa99a3b54ce4a1fbf1d45da3284) Importer(815301076,1909f56bfc062723c751e8b465ee728b)
Start importing Assets/implicit_model.cs using Guid(d599baa99a3b54ce4a1fbf1d45da3284) Importer(815301076,1909f56bfc062723c751e8b465ee728b)  -> (artifact id: '40bfffea47c0fc8f0112333e90f3a310') in 0.006084 seconds 
========================================================================
Received Prepare
Registering precompiled user dll's ...
Registered in 0.003801 seconds.
Begin MonoManager ReloadAssembly
Native extension for WindowsStandalone target not found
Refreshing native plugins compatible for Editor in 0.57 ms, found 1 plugins.
Preloading 0 native plugins for Editor in 0.00 ms.
Mono: successfully reloaded assembly
- Completed reload, in  0.747 seconds
Platform modules already initialized, skipping
Refreshing native plugins compatible for Editor in 0.52 ms, found 1 plugins.
Preloading 0 native plugins for Editor in 0.00 ms.
Unloading 2661 Unused Serialized files (Serialized files now loaded: 0)
System memory in use before: 100.4 MB.
System memory in use after: 100.6 MB.

Unloading 9 unused Assets to reduce memory usage. Loaded Objects now: 3154.
Total: 2.135500 ms (FindLiveObjects: 0.342600 ms CreateObjectMapping: 0.122000 ms MarkObjects: 1.653600 ms  DeleteObjects: 0.016600 ms)

AssetImportWorkerClient::OnTransportError - code=2 error=End of file
