Using pre-set license
Built from '2021.1/china_unity/release' branch; Version is '2021.1.0f1c1 (cd437fc7d72d) revision 13452159'; Using compiler version '192528614'; Build Type 'Release'
OS: 'Windows 10 Home China; OS build 19042.1415; Version 2009; 64bit' Language: 'zh' Physical Memory: 14198 MB
BatchMode: 1, IsHumanControllingUs: 0, StartBugReporterOnCrash: 0, Is64bit: 1, IsPro: 0

 COMMAND LINE ARGUMENTS:
C:\Program Files\Unity 2021.1.0f1c1\Editor\Unity.exe
-adb2
-batchMode
-noUpm
-name
AssetImportWorker0
-projectPath
C:/Users/15826/Desktop/Games103/repo/HW4
-logFile
Logs/AssetImportWorker0.log
-srvPort
52604
Successfully changed project path to: C:/Users/15826/Desktop/Games103/repo/HW4
C:/Users/15826/Desktop/Games103/repo/HW4
Using Asset Import Pipeline V2.
Refreshing native plugins compatible for Editor in 59.88 ms, found 1 plugins.
Preloading 0 native plugins for Editor in 0.00 ms.
Initialize engine version: 2021.1.0f1c1 (cd437fc7d72d)
[Subsystems] Discovering subsystems at path C:/Program Files/Unity 2021.1.0f1c1/Editor/Data/Resources/UnitySubsystems
[Subsystems] Discovering subsystems at path C:/Users/15826/Desktop/Games103/repo/HW4/Assets
GfxDevice: creating device client; threaded=0; jobified=0
Direct3D:
    Version:  Direct3D 11.0 [level 11.1]
    Renderer: AMD Radeon(TM) Graphics (ID=0x1638)
    Vendor:   ATI
    VRAM:     7099 MB
    Driver:   27.20.14028.14001
Initialize mono
Mono path[0] = 'C:/Program Files/Unity 2021.1.0f1c1/Editor/Data/Managed'
Mono path[1] = 'C:/Program Files/Unity 2021.1.0f1c1/Editor/Data/MonoBleedingEdge/lib/mono/unityjit'
Mono config path = 'C:/Program Files/Unity 2021.1.0f1c1/Editor/Data/MonoBleedingEdge/etc'
Using monoOptions --debugger-agent=transport=dt_socket,embedding=1,server=y,suspend=n,address=127.0.0.1:56304
Begin MonoManager ReloadAssembly
Registering precompiled unity dll's ...
Register platform support module: C:/Program Files/Unity 2021.1.0f1c1/Editor/Data/PlaybackEngines/WindowsStandaloneSupport/UnityEditor.WindowsStandalone.Extensions.dll
Registered in 0.005025 seconds.
Native extension for WindowsStandalone target not found
Refreshing native plugins compatible for Editor in 57.54 ms, found 1 plugins.
Preloading 0 native plugins for Editor in 0.00 ms.
Mono: successfully reloaded assembly
- Completed reload, in  1.179 seconds
Platform modules already initialized, skipping
Registering precompiled user dll's ...
Registered in 0.007480 seconds.
Begin MonoManager ReloadAssembly
Native extension for WindowsStandalone target not found
Refreshing native plugins compatible for Editor in 0.50 ms, found 1 plugins.
Preloading 0 native plugins for Editor in 0.00 ms.
Mono: successfully reloaded assembly
- Completed reload, in  0.768 seconds
Platform modules already initialized, skipping
========================================================================
Worker process is ready to serve import requests
Launched and connected shader compiler UnityShaderCompiler.exe after 0.05 seconds
Refreshing native plugins compatible for Editor in 0.64 ms, found 1 plugins.
Preloading 0 native plugins for Editor in 0.00 ms.
Unloading 2664 Unused Serialized files (Serialized files now loaded: 0)
System memory in use before: 97.9 MB.
System memory in use after: 98.1 MB.

Unloading 14 unused Assets to reduce memory usage. Loaded Objects now: 3116.
Total: 2.369100 ms (FindLiveObjects: 0.346600 ms CreateObjectMapping: 0.098600 ms MarkObjects: 1.867600 ms  DeleteObjects: 0.055500 ms)

========================================================================
Received Import Request.
  path: Assets
  artifactKey: Guid(00000000000000001000000000000000) Importer(815301076,1909f56bfc062723c751e8b465ee728b)
Start importing Assets using Guid(00000000000000001000000000000000) Importer(815301076,1909f56bfc062723c751e8b465ee728b)  -> (artifact id: '86bb9090936a7454cf2e47e32fac6395') in 0.005699 seconds 
========================================================================
Received Prepare
Registering precompiled user dll's ...
Registered in 0.004940 seconds.
Begin MonoManager ReloadAssembly
Native extension for WindowsStandalone target not found
Refreshing native plugins compatible for Editor in 0.51 ms, found 1 plugins.
Preloading 0 native plugins for Editor in 0.00 ms.
Mono: successfully reloaded assembly
- Completed reload, in  0.691 seconds
Platform modules already initialized, skipping
Refreshing native plugins compatible for Editor in 0.46 ms, found 1 plugins.
Preloading 0 native plugins for Editor in 0.00 ms.
Unloading 2661 Unused Serialized files (Serialized files now loaded: 0)
System memory in use before: 97.9 MB.
System memory in use after: 98.1 MB.

Unloading 9 unused Assets to reduce memory usage. Loaded Objects now: 3122.
Total: 1.960900 ms (FindLiveObjects: 0.230300 ms CreateObjectMapping: 0.070100 ms MarkObjects: 1.637600 ms  DeleteObjects: 0.021900 ms)

========================================================================
Received Import Request.
  Time since last request: 9.868283 seconds.
  path: Assets/cube_mat.mat
  artifactKey: Guid(6ddba6e4eac384a0c9a3d695e083a818) Importer(815301076,1909f56bfc062723c751e8b465ee728b)
Start importing Assets/cube_mat.mat using Guid(6ddba6e4eac384a0c9a3d695e083a818) Importer(815301076,1909f56bfc062723c751e8b465ee728b)  -> (artifact id: '461f979f6ee16061d75a398a71f9b396') in 0.285398 seconds 
========================================================================
Received Import Request.
  Time since last request: 0.000416 seconds.
  path: Assets/water_mat.mat
  artifactKey: Guid(d5e2d985081784e3c837bc0466b8e138) Importer(815301076,1909f56bfc062723c751e8b465ee728b)
Start importing Assets/water_mat.mat using Guid(d5e2d985081784e3c837bc0466b8e138) Importer(815301076,1909f56bfc062723c751e8b465ee728b)  -> (artifact id: 'a8a7de9bcdd0520d8a63440675ff422c') in 0.102703 seconds 
========================================================================
Received Prepare
Registering precompiled user dll's ...
Registered in 0.004282 seconds.
Begin MonoManager ReloadAssembly
Native extension for WindowsStandalone target not found
Refreshing native plugins compatible for Editor in 0.51 ms, found 1 plugins.
Preloading 0 native plugins for Editor in 0.00 ms.
Mono: successfully reloaded assembly
- Completed reload, in  0.710 seconds
Platform modules already initialized, skipping
Refreshing native plugins compatible for Editor in 0.45 ms, found 1 plugins.
Preloading 0 native plugins for Editor in 0.00 ms.
Unloading 2661 Unused Serialized files (Serialized files now loaded: 0)
System memory in use before: 101.8 MB.
System memory in use after: 102.0 MB.

Unloading 9 unused Assets to reduce memory usage. Loaded Objects now: 3165.
Total: 2.472500 ms (FindLiveObjects: 0.338600 ms CreateObjectMapping: 0.097800 ms MarkObjects: 2.020200 ms  DeleteObjects: 0.013000 ms)

AssetImportWorkerClient::OnTransportError - code=2 error=End of file
